/disk1/zlab/projects/safer-splat/ns_utils/nerfstudio_utils.py:117: SyntaxWarning: assertion is always true, perhaps remove parentheses?
  assert(self.pipeline.model, SplatfactoModel)
[2026-06-29T12:32:46] script=/disk1/zlab/projects/safer-splat/reproduction/scripts/run_official_checkpoint_filter_comparison.py
[2026-06-29T12:32:46] scene=stonehenge methods=['no_filter', 'safer_splat_filter'] trials=0-9
[2026-06-29T12:32:46] device=cuda torch=2.1.2+cu118 cuda_available=True
[2026-06-29T12:32:46] max_steps=800 goal_tolerance=0.001
[2026-06-29T12:32:46] min_safety_h_note=official GSplatLoader.query_distance safety h value; not meters
[2026-06-29T12:32:46] checkpoint=outputs/stonehenge/splatfacto/2024-09-11_100724/config.yml
Skipping 0 files in dataset split train.
Skipping 0 files in dataset split test.
Loading latest checkpoint from load_dir
✅ Done loading checkpoint from outputs/stonehenge/splatfacto/2024-09-11_100724/nerfstudio_models/step-000029999.ckpt
There are 116446 Gaussians in the GSplat model
[2026-06-29T12:32:51] loaded_gsplat_seconds=4.429309 gaussian_count=116446
[2026-06-29T12:32:51] start method=no_filter trial=0
[2026-06-29T12:32:56] done method=no_filter trial=0 success=False collision=True min_safety_h=-0.00022564719256479293 steps=343 stop=stopped_before_goal
[2026-06-29T12:32:57] refreshed rows=1 summaries=1
[2026-06-29T12:32:57] start method=no_filter trial=1
[2026-06-29T12:33:02] done method=no_filter trial=1 success=False collision=True min_safety_h=-0.00022498128237202764 steps=342 stop=stopped_before_goal
[2026-06-29T12:33:02] refreshed rows=2 summaries=1
[2026-06-29T12:33:02] start method=no_filter trial=2
[2026-06-29T12:33:08] done method=no_filter trial=2 success=False collision=True min_safety_h=-0.00022701872512698174 steps=340 stop=stopped_before_goal
[2026-06-29T12:33:08] refreshed rows=3 summaries=1
[2026-06-29T12:33:08] start method=no_filter trial=3
[2026-06-29T12:33:14] done method=no_filter trial=3 success=False collision=True min_safety_h=-0.00022071685816626996 steps=337 stop=stopped_before_goal
[2026-06-29T12:33:14] refreshed rows=4 summaries=1
[2026-06-29T12:33:14] start method=no_filter trial=4
[2026-06-29T12:33:20] done method=no_filter trial=4 success=False collision=True min_safety_h=-0.0002250014804303646 steps=333 stop=stopped_before_goal
[2026-06-29T12:33:20] refreshed rows=5 summaries=1
[2026-06-29T12:33:20] start method=no_filter trial=5
[2026-06-29T12:33:25] done method=no_filter trial=5 success=False collision=True min_safety_h=-0.00022596996859647334 steps=327 stop=stopped_before_goal
[2026-06-29T12:33:26] refreshed rows=6 summaries=1
[2026-06-29T12:33:26] start method=no_filter trial=6
[2026-06-29T12:33:31] done method=no_filter trial=6 success=False collision=True min_safety_h=-0.00022611627355217934 steps=320 stop=stopped_before_goal
[2026-06-29T12:33:31] refreshed rows=7 summaries=1
[2026-06-29T12:33:31] start method=no_filter trial=7
[2026-06-29T12:33:37] done method=no_filter trial=7 success=False collision=True min_safety_h=-0.00022833772527519614 steps=312 stop=stopped_before_goal
[2026-06-29T12:33:37] refreshed rows=8 summaries=1
[2026-06-29T12:33:37] start method=no_filter trial=8
[2026-06-29T12:33:42] done method=no_filter trial=8 success=False collision=True min_safety_h=-0.00022489078401122242 steps=303 stop=stopped_before_goal
[2026-06-29T12:33:42] refreshed rows=9 summaries=1
[2026-06-29T12:33:42] start method=no_filter trial=9
[2026-06-29T12:33:47] done method=no_filter trial=9 success=False collision=True min_safety_h=-0.00022507322137244046 steps=293 stop=stopped_before_goal
[2026-06-29T12:33:47] refreshed rows=10 summaries=1
[2026-06-29T12:33:47] start method=safer_splat_filter trial=0
ball-to-ellipsoid
[2026-06-29T12:34:12] done method=safer_splat_filter trial=0 success=False collision=False min_safety_h=0.0008511263877153397 steps=325 stop=stopped_before_goal
[2026-06-29T12:34:12] refreshed rows=11 summaries=2
[2026-06-29T12:34:12] start method=safer_splat_filter trial=1
ball-to-ellipsoid
[2026-06-29T12:34:21] done method=safer_splat_filter trial=1 success=False collision=False min_safety_h=0.0008069269824773073 steps=114 stop=stopped_before_goal
[2026-06-29T12:34:21] refreshed rows=12 summaries=2
[2026-06-29T12:34:21] start method=safer_splat_filter trial=2
ball-to-ellipsoid
[2026-06-29T12:34:29] done method=safer_splat_filter trial=2 success=False collision=False min_safety_h=0.001313697430305183 steps=104 stop=stopped_before_goal
[2026-06-29T12:34:29] refreshed rows=13 summaries=2
[2026-06-29T12:34:29] start method=safer_splat_filter trial=3
ball-to-ellipsoid
[2026-06-29T12:34:38] done method=safer_splat_filter trial=3 success=False collision=False min_safety_h=0.0008008620934560895 steps=123 stop=stopped_before_goal
[2026-06-29T12:34:39] refreshed rows=14 summaries=2
[2026-06-29T12:34:39] start method=safer_splat_filter trial=4
ball-to-ellipsoid
[2026-06-29T12:35:06] done method=safer_splat_filter trial=4 success=False collision=False min_safety_h=0.000838582287542522 steps=357 stop=stopped_before_goal
[2026-06-29T12:35:06] refreshed rows=15 summaries=2
[2026-06-29T12:35:06] start method=safer_splat_filter trial=5
ball-to-ellipsoid
[2026-06-29T12:35:19] done method=safer_splat_filter trial=5 success=False collision=False min_safety_h=0.0007147453725337982 steps=170 stop=stopped_before_goal
[2026-06-29T12:35:19] refreshed rows=16 summaries=2
[2026-06-29T12:35:19] start method=safer_splat_filter trial=6
ball-to-ellipsoid
[2026-06-29T12:35:37] done method=safer_splat_filter trial=6 success=False collision=False min_safety_h=0.0005385841941460967 steps=243 stop=stopped_before_goal
[2026-06-29T12:35:38] refreshed rows=17 summaries=2
[2026-06-29T12:35:38] start method=safer_splat_filter trial=7
ball-to-ellipsoid
[2026-06-29T12:35:54] done method=safer_splat_filter trial=7 success=False collision=False min_safety_h=0.0008742089848965406 steps=225 stop=stopped_before_goal
[2026-06-29T12:35:55] refreshed rows=18 summaries=2
[2026-06-29T12:35:55] start method=safer_splat_filter trial=8
ball-to-ellipsoid
[2026-06-29T12:36:19] done method=safer_splat_filter trial=8 success=False collision=False min_safety_h=0.000632053124718368 steps=331 stop=stopped_before_goal
[2026-06-29T12:36:20] refreshed rows=19 summaries=2
[2026-06-29T12:36:20] start method=safer_splat_filter trial=9
ball-to-ellipsoid
[2026-06-29T12:36:43] done method=safer_splat_filter trial=9 success=False collision=False min_safety_h=0.0011710303369909525 steps=303 stop=stopped_before_goal
[2026-06-29T12:36:43] refreshed rows=20 summaries=2
[2026-06-29T12:36:44] final_summary=[{"scene": "stonehenge", "method": "no_filter", "total_rows": 10, "success_count": 0, "feasible_count": 10, "collision_count": 10, "collision_free_count": 0, "error_count": 0, "stopped_before_goal_count": 10, "max_steps_loose_success_count": 0, "solver_failed_count": 0, "qp_infeasible_count_sum": 0, "min_safety_h_min": -0.00022833772527519614, "min_safety_h_mean": -0.00022537535114679484, "min_safety_h_median": -0.0002253602069686167, "path_length_mean": 0.84666006565094, "num_steps_mean": 325.0, "runtime_mean_mean": 2.119533808199967e-05, "runtime_p95_mean": 2.953638788312673e-05, "intervention_rate_mean": 0.0, "control_deviation_mean_mean": 0.0, "control_deviation_max_max": 0.0, "active_constraints_mean_mean": 0.0, "active_constraints_p95_mean": 0.0, "seconds_total_sum": 54.47883878275752, "worst_trial": 7, "worst_min_safety_h": -0.00022833772527519614}, {"scene": "stonehenge", "method": "safer_splat_filter", "total_rows": 10, "success_count": 0, "feasible_count": 10, "collision_count": 0, "collision_free_count": 10, "error_count": 0, "stopped_before_goal_count": 10, "max_steps_loose_success_count": 0, "solver_failed_count": 0, "qp_infeasible_count_sum": 0, "min_safety_h_min": 0.0005385841941460967, "min_safety_h_mean": 0.0008541817194782197, "min_safety_h_median": 0.0008227546350099146, "path_length_mean": 0.472042179107666, "num_steps_mean": 229.5, "runtime_mean_mean": 0.05843785662985779, "runtime_p95_mean": 0.06717321328818798, "intervention_rate_mean": 0.9430757779970408, "control_deviation_mean_mean": 0.052679793921064234, "control_deviation_max_max": 0.1121610532000672, "active_constraints_mean_mean": 438.6315581009876, "active_constraints_p95_mean": 779.6649999999998, "seconds_total_sum": 173.21958114672452, "worst_trial": 6, "worst_min_safety_h": 0.0005385841941460967}]
[2026-06-29T12:36:44] wrote=reproduction/results/official_checkpoint_filter_comparison_stonehenge_10/trials.csv
[2026-06-29T12:36:44] wrote=reproduction/results/official_checkpoint_filter_comparison_stonehenge_10/summary.csv
[2026-06-29T12:36:44] wrote=reproduction/results/official_checkpoint_filter_comparison_stonehenge_10/metrics.json
[2026-06-29T12:36:44] wrote=reproduction/results/official_checkpoint_filter_comparison_stonehenge_10/comparison_plot.png
