/disk1/zlab/projects/safer-splat/ns_utils/nerfstudio_utils.py:117: SyntaxWarning: assertion is always true, perhaps remove parentheses?
  assert(self.pipeline.model, SplatfactoModel)
[2026-06-29T12:30:59] script=/disk1/zlab/projects/safer-splat/reproduction/scripts/run_official_checkpoint_filter_comparison.py
[2026-06-29T12:30:59] scene=stonehenge methods=['no_filter', 'safer_splat_filter'] trials=0-2
[2026-06-29T12:30:59] device=cuda torch=2.1.2+cu118 cuda_available=True
[2026-06-29T12:30:59] max_steps=600 goal_tolerance=0.001
[2026-06-29T12:30:59] min_safety_h_note=official GSplatLoader.query_distance safety h value; not meters
[2026-06-29T12:30:59] checkpoint=outputs/stonehenge/splatfacto/2024-09-11_100724/config.yml
Skipping 0 files in dataset split train.
Skipping 0 files in dataset split test.
Loading latest checkpoint from load_dir
✅ Done loading checkpoint from outputs/stonehenge/splatfacto/2024-09-11_100724/nerfstudio_models/step-000029999.ckpt
There are 116446 Gaussians in the GSplat model
[2026-06-29T12:31:03] loaded_gsplat_seconds=4.510472 gaussian_count=116446
[2026-06-29T12:31:03] start method=no_filter trial=0
[2026-06-29T12:31:09] done method=no_filter trial=0 success=False collision=True min_safety_h=-0.00022564719256479293 steps=343 stop=stopped_before_goal
[2026-06-29T12:31:09] refreshed rows=1 summaries=1
[2026-06-29T12:31:09] start method=no_filter trial=1
[2026-06-29T12:31:15] done method=no_filter trial=1 success=False collision=True min_safety_h=-0.00022498128237202764 steps=342 stop=stopped_before_goal
[2026-06-29T12:31:15] refreshed rows=2 summaries=1
[2026-06-29T12:31:15] start method=no_filter trial=2
[2026-06-29T12:31:21] done method=no_filter trial=2 success=False collision=True min_safety_h=-0.00022701872512698174 steps=340 stop=stopped_before_goal
[2026-06-29T12:31:21] refreshed rows=3 summaries=1
[2026-06-29T12:31:21] start method=safer_splat_filter trial=0
ball-to-ellipsoid
[2026-06-29T12:31:46] done method=safer_splat_filter trial=0 success=False collision=False min_safety_h=0.0008511263877153397 steps=325 stop=stopped_before_goal
[2026-06-29T12:31:46] refreshed rows=4 summaries=2
[2026-06-29T12:31:46] start method=safer_splat_filter trial=1
ball-to-ellipsoid
[2026-06-29T12:31:54] done method=safer_splat_filter trial=1 success=False collision=False min_safety_h=0.0008069269824773073 steps=114 stop=stopped_before_goal
[2026-06-29T12:31:55] refreshed rows=5 summaries=2
[2026-06-29T12:31:55] start method=safer_splat_filter trial=2
ball-to-ellipsoid
[2026-06-29T12:32:02] done method=safer_splat_filter trial=2 success=False collision=False min_safety_h=0.001313697430305183 steps=104 stop=stopped_before_goal
[2026-06-29T12:32:03] refreshed rows=6 summaries=2
[2026-06-29T12:32:03] final_summary=[{"scene": "stonehenge", "method": "no_filter", "total_rows": 3, "success_count": 0, "feasible_count": 3, "collision_count": 3, "collision_free_count": 0, "error_count": 0, "stopped_before_goal_count": 3, "max_steps_loose_success_count": 0, "solver_failed_count": 0, "qp_infeasible_count_sum": 0, "min_safety_h_min": -0.00022701872512698174, "min_safety_h_mean": -0.00022588240002126744, "min_safety_h_median": -0.00022564719256479293, "path_length_mean": 0.8176178733507792, "num_steps_mean": 341.6666666666667, "runtime_mean_mean": 2.1561380690580875e-05, "runtime_p95_mean": 3.0291142563025148e-05, "intervention_rate_mean": 0.0, "control_deviation_mean_mean": 0.0, "control_deviation_max_max": 0.0, "active_constraints_mean_mean": 0.0, "active_constraints_p95_mean": 0.0, "seconds_total_sum": 17.61593843717128, "worst_trial": 2, "worst_min_safety_h": -0.00022701872512698174}, {"scene": "stonehenge", "method": "safer_splat_filter", "total_rows": 3, "success_count": 0, "feasible_count": 3, "collision_count": 0, "collision_free_count": 3, "error_count": 0, "stopped_before_goal_count": 3, "max_steps_loose_success_count": 0, "solver_failed_count": 0, "qp_infeasible_count_sum": 0, "min_safety_h_min": 0.0008069269824773073, "min_safety_h_mean": 0.0009905836001659434, "min_safety_h_median": 0.0008511263877153397, "path_length_mean": 0.3329262336095174, "num_steps_mean": 181.0, "runtime_mean_mean": 0.0572160230679823, "runtime_p95_mean": 0.06633522838043669, "intervention_rate_mean": 0.9591520467836258, "control_deviation_mean_mean": 0.05253575519248688, "control_deviation_max_max": 0.10606213035438207, "active_constraints_mean_mean": 416.41058929374714, "active_constraints_p95_mean": 790.6833333333333, "seconds_total_sum": 40.44905258156359, "worst_trial": 1, "worst_min_safety_h": 0.0008069269824773073}]
[2026-06-29T12:32:03] wrote=reproduction/results/official_checkpoint_filter_comparison_stonehenge_smoke3/trials.csv
[2026-06-29T12:32:03] wrote=reproduction/results/official_checkpoint_filter_comparison_stonehenge_smoke3/summary.csv
[2026-06-29T12:32:03] wrote=reproduction/results/official_checkpoint_filter_comparison_stonehenge_smoke3/metrics.json
[2026-06-29T12:32:03] wrote=reproduction/results/official_checkpoint_filter_comparison_stonehenge_smoke3/comparison_plot.png
