Looking in indexes: https://pypi.tuna.tsinghua.edu.cn/simple
Collecting open3d
  Downloading open3d-0.19.0-cp310-cp310-manylinux_2_31_x86_64.whl (447.7 MB)
     ━━━━━━━━━━━━━━━━━━━━━━━━━━━━━━━━━━━━━━━━ 447.7/447.7 MB 19.0 MB/s  0:00:18
Collecting nerfstudio==1.1.5
  Using cached nerfstudio-1.1.5-py3-none-any.whl (580 kB)
Collecting viser==0.2.23
  Downloading viser-0.2.23-py3-none-any.whl (28.9 MB)
     ━━━━━━━━━━━━━━━━━━━━━━━━━━━━━━━━━━━━━━━━ 28.9/28.9 MB 22.9 MB/s  0:00:01
Collecting appdirs>=1.4 (from nerfstudio==1.1.5)
  Using cached appdirs-1.4.4-py2.py3-none-any.whl (9.6 kB)
Collecting av>=9.2.0 (from nerfstudio==1.1.5)
  Downloading av-17.1.0-cp310-cp310-manylinux_2_28_x86_64.whl (36.6 MB)
     ━━━━━━━━━━━━━━━━━━━━━━━━━━━━━━━━━━━━━━━━ 36.6/36.6 MB 24.5 MB/s  0:00:01
Collecting comet-ml>=3.33.8 (from nerfstudio==1.1.5)
  Downloading comet_ml-3.58.3-py3-none-any.whl (796 kB)
     ━━━━━━━━━━━━━━━━━━━━━━━━━━━━━━━━━━━━━━━━ 796.6/796.6 kB 5.6 MB/s  0:00:00
Collecting cryptography>=38 (from nerfstudio==1.1.5)
  Downloading cryptography-49.0.0-cp39-abi3-manylinux_2_28_x86_64.whl (4.7 MB)
     ━━━━━━━━━━━━━━━━━━━━━━━━━━━━━━━━━━━━━━━━ 4.7/4.7 MB 17.4 MB/s  0:00:00
Collecting tyro>=0.6.6 (from nerfstudio==1.1.5)
  Downloading tyro-1.0.15-py3-none-any.whl (215 kB)
Requirement already satisfied: gdown>=4.6.0 in /disk1/zlab/conda_envs/safer_splat_official/lib/python3.10/site-packages (from nerfstudio==1.1.5) (6.1.0)
Collecting ninja>=1.10 (from nerfstudio==1.1.5)
  Downloading ninja-1.13.0-py3-none-manylinux2014_x86_64.manylinux_2_17_x86_64.whl (180 kB)
Collecting h5py>=2.9.0 (from nerfstudio==1.1.5)
  Downloading h5py-3.16.0-cp310-cp310-manylinux_2_28_x86_64.whl (5.1 MB)
     ━━━━━━━━━━━━━━━━━━━━━━━━━━━━━━━━━━━━━━━━ 5.1/5.1 MB 17.3 MB/s  0:00:00
Collecting imageio>=2.21.1 (from nerfstudio==1.1.5)
  Downloading imageio-2.37.3-py3-none-any.whl (317 kB)
Collecting ipywidgets>=7.6 (from nerfstudio==1.1.5)
  Using cached ipywidgets-8.1.8-py3-none-any.whl (139 kB)
Collecting jaxtyping>=0.2.15 (from nerfstudio==1.1.5)
  Downloading jaxtyping-0.3.7-py3-none-any.whl (56 kB)
Collecting jupyterlab>=3.3.4 (from nerfstudio==1.1.5)
  Downloading jupyterlab-4.6.0-py3-none-any.whl (17.1 MB)
     ━━━━━━━━━━━━━━━━━━━━━━━━━━━━━━━━━━━━━━━━ 17.1/17.1 MB 21.2 MB/s  0:00:00
Requirement already satisfied: matplotlib>=3.6.0 in /disk1/zlab/conda_envs/safer_splat_official/lib/python3.10/site-packages (from nerfstudio==1.1.5) (3.10.9)
Collecting mediapy>=1.1.0 (from nerfstudio==1.1.5)
  Using cached mediapy-1.2.6-py3-none-any.whl (27 kB)
Collecting msgpack>=1.0.4 (from nerfstudio==1.1.5)
  Downloading msgpack-1.2.1-cp310-cp310-manylinux2014_x86_64.manylinux_2_17_x86_64.manylinux_2_28_x86_64.whl (407 kB)
Collecting msgpack-numpy>=0.4.8 (from nerfstudio==1.1.5)
  Using cached msgpack_numpy-0.4.8-py2.py3-none-any.whl (6.9 kB)
Collecting nerfacc==0.5.2 (from nerfstudio==1.1.5)
  Using cached nerfacc-0.5.2-py3-none-any.whl (55 kB)
Collecting opencv-python-headless==4.10.0.84 (from nerfstudio==1.1.5)
  Using cached opencv_python_headless-4.10.0.84-cp37-abi3-manylinux_2_17_x86_64.manylinux2014_x86_64.whl (49.9 MB)
Requirement already satisfied: Pillow>=10.3.0 in /disk1/zlab/conda_envs/safer_splat_official/lib/python3.10/site-packages (from nerfstudio==1.1.5) (12.2.0)
Collecting plotly>=5.7.0 (from nerfstudio==1.1.5)
  Using cached plotly-6.8.0-py3-none-any.whl (9.9 MB)
Collecting protobuf!=3.20.0,<=3.20.3 (from nerfstudio==1.1.5)
  Downloading protobuf-3.20.3-cp310-cp310-manylinux_2_12_x86_64.manylinux2010_x86_64.whl (1.1 MB)
     ━━━━━━━━━━━━━━━━━━━━━━━━━━━━━━━━━━━━━━━━ 1.1/1.1 MB 5.6 MB/s  0:00:00
Collecting pyngrok>=5.1.0 (from nerfstudio==1.1.5)
  Downloading pyngrok-8.1.2-py3-none-any.whl (25 kB)
Collecting python-socketio>=5.7.1 (from nerfstudio==1.1.5)
  Downloading python_socketio-5.16.3-py3-none-any.whl (82 kB)
Collecting pyquaternion>=0.9.9 (from nerfstudio==1.1.5)
  Using cached pyquaternion-0.9.9-py3-none-any.whl (14 kB)
Requirement already satisfied: requests in /disk1/zlab/conda_envs/safer_splat_official/lib/python3.10/site-packages (from nerfstudio==1.1.5) (2.34.2)
Collecting rich>=12.5.1 (from nerfstudio==1.1.5)
  Downloading rich-15.0.0-py3-none-any.whl (310 kB)
Collecting scikit-image>=0.19.3 (from nerfstudio==1.1.5)
  Downloading scikit_image-0.25.2-cp310-cp310-manylinux_2_17_x86_64.manylinux2014_x86_64.whl (14.8 MB)
     ━━━━━━━━━━━━━━━━━━━━━━━━━━━━━━━━━━━━━━━━ 14.8/14.8 MB 17.4 MB/s  0:00:00
Collecting splines==0.3.0 (from nerfstudio==1.1.5)
  Using cached splines-0.3.0-py3-none-any.whl (17 kB)
Collecting tensorboard>=2.13.0 (from nerfstudio==1.1.5)
  Downloading tensorboard-2.20.0-py3-none-any.whl (5.5 MB)
     ━━━━━━━━━━━━━━━━━━━━━━━━━━━━━━━━━━━━━━━━ 5.5/5.5 MB 13.7 MB/s  0:00:00
Requirement already satisfied: torch>=1.13.1 in /disk1/zlab/conda_envs/safer_splat_official/lib/python3.10/site-packages (from nerfstudio==1.1.5) (2.1.2+cu118)
Requirement already satisfied: torchvision>=0.14.1 in /disk1/zlab/conda_envs/safer_splat_official/lib/python3.10/site-packages (from nerfstudio==1.1.5) (0.16.2+cu118)
Collecting torchmetrics>=1.0.1 (from torchmetrics[image]>=1.0.1->nerfstudio==1.1.5)
  Downloading torchmetrics-1.9.0-py3-none-any.whl (983 kB)
     ━━━━━━━━━━━━━━━━━━━━━━━━━━━━━━━━━━━━━━━━ 983.4/983.4 kB 4.0 MB/s  0:00:00
Requirement already satisfied: typing-extensions>=4.4.0 in /disk1/zlab/conda_envs/safer_splat_official/lib/python3.10/site-packages (from nerfstudio==1.1.5) (4.15.0)
INFO: pip is looking at multiple versions of nerfstudio to determine which version is compatible with other requirements. This could take a while.
ERROR: Cannot install nerfstudio==1.1.5 and viser==0.2.23 because these package versions have conflicting dependencies.

The conflict is caused by:
    The user requested viser==0.2.23
    nerfstudio 1.1.5 depends on viser==0.2.7

Additionally, some packages in these conflicts have no matching distributions available for your environment:
    viser

To fix this you could try to:
1. loosen the range of package versions you've specified
2. remove package versions to allow pip to attempt to solve the dependency conflict

ERROR: ResolutionImpossible: for help visit https://pip.pypa.io/en/latest/topics/dependency-resolution/#dealing-with-dependency-conflicts
