ball-to-ellipsoid
{
  "no_filter": {
    "method": "no_filter",
    "trial": 53,
    "success": true,
    "collision": false,
    "minimum_clearance": 0.01270182803273201,
    "path_length": 0.596582355383411,
    "num_steps": 105,
    "runtime_mean": 0.0,
    "runtime_p95": 0.0,
    "intervention_rate": 0.0,
    "control_deviation_mean": 0.0,
    "control_deviation_max": 0.0,
    "active_constraints_mean": 0.0,
    "active_constraints_p95": 0.0,
    "qp_infeasible_count": 0,
    "wall_time_s": 1.6107556261122227,
    "gaussian_snapshot": "/disk1/zlab/projects/splatnav/reproduction/flight_gsplat_tensors.pt",
    "gaussian_pool_size": 2500,
    "max_active_before_cbf_pruning": 96,
    "start_goal_source": "/disk1/zlab/projects/splatnav/trajs/flight_splatplan_official100.json:trial53 start/goal only",
    "distance_note": "same real GSplat ellipsoid clearance evaluator for no_filter and safer_splat_filter"
  },
  "safer_splat_filter": {
    "method": "safer_splat_filter",
    "trial": 53,
    "success": true,
    "collision": false,
    "minimum_clearance": 0.02475292980670929,
    "path_length": 0.601032039677821,
    "num_steps": 145,
    "runtime_mean": 0.016535115126391938,
    "runtime_p95": 0.0170144185423851,
    "intervention_rate": 0.5517241379310345,
    "control_deviation_mean": 0.050513701346008064,
    "control_deviation_max": 0.12639239797922006,
    "active_constraints_mean": 23.358620689655172,
    "active_constraints_p95": 36.0,
    "qp_infeasible_count": 0,
    "wall_time_s": 4.6652269922196865,
    "gaussian_snapshot": "/disk1/zlab/projects/splatnav/reproduction/flight_gsplat_tensors.pt",
    "gaussian_pool_size": 2500,
    "max_active_before_cbf_pruning": 96,
    "start_goal_source": "/disk1/zlab/projects/splatnav/trajs/flight_splatplan_official100.json:trial53 start/goal only",
    "distance_note": "same real GSplat ellipsoid clearance evaluator for no_filter and safer_splat_filter"
  }
}
