[2026-06-30T17:30:15] script=/disk1/zlab/projects/safer-splat/work/risk_aware_cbf/scripts/run_risk_aware_v1_ablation.py
[2026-06-30T17:30:15] scene=stonehenge trials=0-19 configs=7
[2026-06-30T17:30:15] baseline_summary_reused=work/risk_aware_cbf/results/risk_aware_v1_pre_cbf_stonehenge_20/summary.csv
[2026-06-30T17:30:15] config_start A_budget1000_near008_hybrid command=/disk1/zlab/conda_envs/safer_splat_official/bin/python /disk1/zlab/projects/safer-splat/work/risk_aware_cbf/scripts/run_risk_aware_v1_pre_cbf_comparison.py --scene stonehenge --methods risk_aware_v1_pre_cbf --trial-start 0 --trial-end 19 --max-steps 800 --candidate-budget 1000 --near-distance-threshold 0.08 --heading-distance-threshold 0.25 --heading-cos-threshold 0.5 --risk-score risk_v2_hybrid --output-dir work/risk_aware_cbf/results/risk_aware_v1_ablation_stonehenge_20/A_budget1000_near008_hybrid --device cuda --resume --skip-existing
[2026-06-30T17:30:15] dry_run_skip A_budget1000_near008_hybrid
[2026-06-30T17:30:15] config_done A_budget1000_near008_hybrid
[2026-06-30T17:30:15] config_start B_budget2000_near008_hybrid command=/disk1/zlab/conda_envs/safer_splat_official/bin/python /disk1/zlab/projects/safer-splat/work/risk_aware_cbf/scripts/run_risk_aware_v1_pre_cbf_comparison.py --scene stonehenge --methods risk_aware_v1_pre_cbf --trial-start 0 --trial-end 19 --max-steps 800 --candidate-budget 2000 --near-distance-threshold 0.08 --heading-distance-threshold 0.25 --heading-cos-threshold 0.5 --risk-score risk_v2_hybrid --output-dir work/risk_aware_cbf/results/risk_aware_v1_ablation_stonehenge_20/B_budget2000_near008_hybrid --device cuda --resume --skip-existing
[2026-06-30T17:30:15] dry_run_skip B_budget2000_near008_hybrid
[2026-06-30T17:30:15] config_done B_budget2000_near008_hybrid
[2026-06-30T17:30:15] config_start C_budget5000_near008_hybrid command=/disk1/zlab/conda_envs/safer_splat_official/bin/python /disk1/zlab/projects/safer-splat/work/risk_aware_cbf/scripts/run_risk_aware_v1_pre_cbf_comparison.py --scene stonehenge --methods risk_aware_v1_pre_cbf --trial-start 0 --trial-end 19 --max-steps 800 --candidate-budget 5000 --near-distance-threshold 0.08 --heading-distance-threshold 0.25 --heading-cos-threshold 0.5 --risk-score risk_v2_hybrid --output-dir work/risk_aware_cbf/results/risk_aware_v1_ablation_stonehenge_20/C_budget5000_near008_hybrid --device cuda --resume --skip-existing
[2026-06-30T17:30:15] dry_run_skip C_budget5000_near008_hybrid
[2026-06-30T17:30:15] config_done C_budget5000_near008_hybrid
[2026-06-30T17:30:15] config_start D_budget2000_near005_hybrid command=/disk1/zlab/conda_envs/safer_splat_official/bin/python /disk1/zlab/projects/safer-splat/work/risk_aware_cbf/scripts/run_risk_aware_v1_pre_cbf_comparison.py --scene stonehenge --methods risk_aware_v1_pre_cbf --trial-start 0 --trial-end 19 --max-steps 800 --candidate-budget 2000 --near-distance-threshold 0.05 --heading-distance-threshold 0.25 --heading-cos-threshold 0.5 --risk-score risk_v2_hybrid --output-dir work/risk_aware_cbf/results/risk_aware_v1_ablation_stonehenge_20/D_budget2000_near005_hybrid --device cuda --resume --skip-existing
[2026-06-30T17:30:15] dry_run_skip D_budget2000_near005_hybrid
[2026-06-30T17:30:15] config_done D_budget2000_near005_hybrid
[2026-06-30T17:30:15] config_start E_budget2000_near012_hybrid command=/disk1/zlab/conda_envs/safer_splat_official/bin/python /disk1/zlab/projects/safer-splat/work/risk_aware_cbf/scripts/run_risk_aware_v1_pre_cbf_comparison.py --scene stonehenge --methods risk_aware_v1_pre_cbf --trial-start 0 --trial-end 19 --max-steps 800 --candidate-budget 2000 --near-distance-threshold 0.12 --heading-distance-threshold 0.25 --heading-cos-threshold 0.5 --risk-score risk_v2_hybrid --output-dir work/risk_aware_cbf/results/risk_aware_v1_ablation_stonehenge_20/E_budget2000_near012_hybrid --device cuda --resume --skip-existing
[2026-06-30T17:30:15] dry_run_skip E_budget2000_near012_hybrid
[2026-06-30T17:30:15] config_done E_budget2000_near012_hybrid
[2026-06-30T17:30:15] config_start F_budget2000_near008_activefreq command=/disk1/zlab/conda_envs/safer_splat_official/bin/python /disk1/zlab/projects/safer-splat/work/risk_aware_cbf/scripts/run_risk_aware_v1_pre_cbf_comparison.py --scene stonehenge --methods risk_aware_v1_pre_cbf --trial-start 0 --trial-end 19 --max-steps 800 --candidate-budget 2000 --near-distance-threshold 0.08 --heading-distance-threshold 0.25 --heading-cos-threshold 0.5 --risk-score risk_v0_active_frequency --output-dir work/risk_aware_cbf/results/risk_aware_v1_ablation_stonehenge_20/F_budget2000_near008_activefreq --device cuda --resume --skip-existing
[2026-06-30T17:30:15] dry_run_skip F_budget2000_near008_activefreq
[2026-06-30T17:30:15] config_done F_budget2000_near008_activefreq
[2026-06-30T17:30:15] config_start G_budget2000_near008_geometry command=/disk1/zlab/conda_envs/safer_splat_official/bin/python /disk1/zlab/projects/safer-splat/work/risk_aware_cbf/scripts/run_risk_aware_v1_pre_cbf_comparison.py --scene stonehenge --methods risk_aware_v1_pre_cbf --trial-start 0 --trial-end 19 --max-steps 800 --candidate-budget 2000 --near-distance-threshold 0.08 --heading-distance-threshold 0.25 --heading-cos-threshold 0.5 --risk-score risk_v1_geometry --output-dir work/risk_aware_cbf/results/risk_aware_v1_ablation_stonehenge_20/G_budget2000_near008_geometry --device cuda --resume --skip-existing
[2026-06-30T17:30:15] dry_run_skip G_budget2000_near008_geometry
[2026-06-30T17:30:15] config_done G_budget2000_near008_geometry
[2026-06-30T17:30:16] wrote=work/risk_aware_cbf/results/risk_aware_v1_ablation_stonehenge_20
